Using pre-set license
Built from '2020.3/staging' branch; Version is '2020.3.17f1 (a4537701e4ab) revision 10769271'; Using compiler version '192528614'; Build Type 'Release'
OS: 'Windows 10 Home; OS build 19043.1288; Version 2009; 64bit' Language: 'en' Physical Memory: 32681 MB
BatchMode: 1, IsHumanControllingUs: 0, StartBugReporterOnCrash: 0, Is64bit: 1, IsPro: 0

COMMAND LINE ARGUMENTS:
C:\Program Files\Unity\Hub\Editor\2020.3.17f1\Editor\Unity.exe
-adb2
-batchMode
-noUpm
-name
AssetImportWorker0
-projectPath
C:/Users/mrwar/Game Dev/games/puzzle-game
-logFile
Logs/AssetImportWorker0.log
-srvPort
64781
Successfully changed project path to: C:/Users/mrwar/Game Dev/games/puzzle-game
C:/Users/mrwar/Game Dev/games/puzzle-game
Using Asset Import Pipeline V2.
Refreshing native plugins compatible for Editor in 30.99 ms, found 2 plugins.
Preloading 0 native plugins for Editor in 0.00 ms.
Initialize engine version: 2020.3.17f1 (a4537701e4ab)
[Subsystems] Discovering subsystems at path C:/Program Files/Unity/Hub/Editor/2020.3.17f1/Editor/Data/Resources/UnitySubsystems
[Subsystems] Discovering subsystems at path C:/Users/mrwar/Game Dev/games/puzzle-game/Assets
GfxDevice: creating device client; threaded=0
Direct3D:
    Version:  Direct3D 11.0 [level 11.1]
    Renderer: Radeon RX 580 Series (ID=0x67df)
    Vendor:   
    VRAM:     8171 MB
    Driver:   27.20.22025.1006
Initialize mono
Mono path[0] = 'C:/Program Files/Unity/Hub/Editor/2020.3.17f1/Editor/Data/Managed'
Mono path[1] = 'C:/Program Files/Unity/Hub/Editor/2020.3.17f1/Editor/Data/MonoBleedingEdge/lib/mono/unityjit'
Mono config path = 'C:/Program Files/Unity/Hub/Editor/2020.3.17f1/Editor/Data/MonoBleedingEdge/etc'
Using monoOptions --debugger-agent=transport=dt_socket,embedding=1,server=y,suspend=n,address=127.0.0.1:56152
Begin MonoManager ReloadAssembly
Registering precompiled unity dll's ...
Register platform support module: C:/Program Files/Unity/Hub/Editor/2020.3.17f1/Editor/Data/PlaybackEngines/WindowsStandaloneSupport/UnityEditor.WindowsStandalone.Extensions.dll
Registered in 0.002333 seconds.
Native extension for WindowsStandalone target not found
Refreshing native plugins compatible for Editor in 30.10 ms, found 2 plugins.
Preloading 0 native plugins for Editor in 0.00 ms.
Mono: successfully reloaded assembly
- Completed reload, in  1.224 seconds
Domain Reload Profiling:
	ReloadAssembly (1224ms)
		BeginReloadAssembly (60ms)
			ExecutionOrderSort (0ms)
			DisableScriptedObjects (0ms)
			BackupInstance (0ms)
			ReleaseScriptingObjects (0ms)
			CreateAndSetChildDomain (1ms)
		EndReloadAssembly (445ms)
			LoadAssemblies (58ms)
			RebuildTransferFunctionScriptingTraits (0ms)
			SetupTypeCache (163ms)
			ReleaseScriptCaches (0ms)
			RebuildScriptCaches (30ms)
			SetupLoadedEditorAssemblies (169ms)
				LogAssemblyErrors (0ms)
				InitializePlatformSupportModulesInManaged (4ms)
				SetLoadedEditorAssemblies (0ms)
				RefreshPlugins (30ms)
				BeforeProcessingInitializeOnLoad (18ms)
				ProcessInitializeOnLoadAttributes (85ms)
				ProcessInitializeOnLoadMethodAttributes (31ms)
				AfterProcessingInitializeOnLoad (0ms)
				EditorAssembliesLoaded (0ms)
			ExecutionOrderSort2 (0ms)
			AwakeInstancesAfterBackupRestoration (0ms)
Platform modules already initialized, skipping
Registering precompiled user dll's ...
Registered in 0.004404 seconds.
Begin MonoManager ReloadAssembly
Native extension for WindowsStandalone target not found
Refreshing native plugins compatible for Editor in 0.32 ms, found 2 plugins.
Preloading 0 native plugins for Editor in 0.00 ms.
Mono: successfully reloaded assembly
- Completed reload, in  1.206 seconds
Domain Reload Profiling:
	ReloadAssembly (1207ms)
		BeginReloadAssembly (154ms)
			ExecutionOrderSort (0ms)
			DisableScriptedObjects (5ms)
			BackupInstance (0ms)
			ReleaseScriptingObjects (0ms)
			CreateAndSetChildDomain (17ms)
		EndReloadAssembly (984ms)
			LoadAssemblies (90ms)
			RebuildTransferFunctionScriptingTraits (0ms)
			SetupTypeCache (306ms)
			ReleaseScriptCaches (0ms)
			RebuildScriptCaches (43ms)
			SetupLoadedEditorAssemblies (437ms)
				LogAssemblyErrors (0ms)
				InitializePlatformSupportModulesInManaged (5ms)
				SetLoadedEditorAssemblies (0ms)
				RefreshPlugins (0ms)
				BeforeProcessingInitializeOnLoad (84ms)
				ProcessInitializeOnLoadAttributes (333ms)
				ProcessInitializeOnLoadMethodAttributes (6ms)
				AfterProcessingInitializeOnLoad (8ms)
				EditorAssembliesLoaded (0ms)
			ExecutionOrderSort2 (0ms)
			AwakeInstancesAfterBackupRestoration (8ms)
Platform modules already initialized, skipping
========================================================================
Worker process is ready to serve import requests
Launched and connected shader compiler UnityShaderCompiler.exe after 0.05 seconds
Refreshing native plugins compatible for Editor in 0.33 ms, found 2 plugins.
Preloading 0 native plugins for Editor in 0.00 ms.
Unloading 1397 Unused Serialized files (Serialized files now loaded: 0)
System memory in use before: 64.8 MB.
System memory in use after: 64.9 MB.

Unloading 18 unused Assets to reduce memory usage. Loaded Objects now: 1830.
Total: 2.787600 ms (FindLiveObjects: 0.150400 ms CreateObjectMapping: 0.031600 ms MarkObjects: 2.545400 ms  DeleteObjects: 0.059000 ms)

AssetImportParameters requested are different than current active one (requested -> active):
  custom:framework-win-MediaFoundation: 216162199b28c13a410421893ffa2e32 -> 
  custom:video-decoder-ogg-theora: a1e56fd34408186e4bbccfd4996cb3dc -> 
  custom:container-muxer-webm: aa71ff27fc2769a1b78a27578f13a17b -> 
  custom:container-demuxer-webm: 4f35f7cbe854078d1ac9338744f61a02 -> 
  custom:container-demuxer-ogg: 62fdf1f143b41e24485cea50d1cbac27 -> 
  custom:video-encoder-webm-vp8: eb34c28f22e8b96e1ab97ce403110664 -> 
  custom:video-decoder-webm-vp8: 9c59270c3fd7afecdb556c50c9e8de78 -> 
  custom:audio-decoder-ogg-vorbis: bf7c407c2cedff20999df2af8eb42d56 -> 
  custom:audio-encoder-webm-vorbis: bf7c407c2cedff20999df2af8eb42d56 -> 
========================================================================
Received Import Request.
  path: Assets/Scenes
  artifactKey: Guid(d86840622ec407b44a49b05aa4e66d38) Importer(815301076,1909f56bfc062723c751e8b465ee728b)
Start importing Assets/Scenes using Guid(d86840622ec407b44a49b05aa4e66d38) Importer(815301076,1909f56bfc062723c751e8b465ee728b)  -> (artifact id: '695114996eaeb083d50f0b5e17b91b01') in 0.009812 seconds 
  Import took 0.011790 seconds .

========================================================================
Received Import Request.
  Time since last request: 26.640875 seconds.
  path: Assets/Scenes/SampleScene.unity
  artifactKey: Guid(9fc0d4010bbf28b4594072e72b8655ab) Importer(815301076,1909f56bfc062723c751e8b465ee728b)
Start importing Assets/Scenes/SampleScene.unity using Guid(9fc0d4010bbf28b4594072e72b8655ab) Importer(815301076,1909f56bfc062723c751e8b465ee728b)  -> (artifact id: '85059f4f9e1a832ed95adaa0d25c5c4c') in 0.013294 seconds 
  Import took 0.015439 seconds .

========================================================================
Received Import Request.
  Time since last request: 9.562242 seconds.
  path: Assets/_scenes
  artifactKey: Guid(d86840622ec407b44a49b05aa4e66d38) Importer(815301076,1909f56bfc062723c751e8b465ee728b)
Start importing Assets/_scenes using Guid(d86840622ec407b44a49b05aa4e66d38) Importer(815301076,1909f56bfc062723c751e8b465ee728b)  -> (artifact id: '732e1ecefc223288c460da9bb0162250') in 0.010082 seconds 
  Import took 0.012228 seconds .

========================================================================
Received Import Request.
  Time since last request: 1.147662 seconds.
  path: Assets
  artifactKey: Guid(00000000000000001000000000000000) Importer(815301076,1909f56bfc062723c751e8b465ee728b)
Start importing Assets using Guid(00000000000000001000000000000000) Importer(815301076,1909f56bfc062723c751e8b465ee728b)  -> (artifact id: '42d402b061de3733987d63b9cc3b64de') in 0.008820 seconds 
  Import took 0.010993 seconds .

========================================================================
Received Import Request.
  Time since last request: 34.636191 seconds.
  path: Assets/materials
  artifactKey: Guid(c09a9ad8597cd814fb95a64e5d9652e6) Importer(815301076,1909f56bfc062723c751e8b465ee728b)
Start importing Assets/materials using Guid(c09a9ad8597cd814fb95a64e5d9652e6) Importer(815301076,1909f56bfc062723c751e8b465ee728b)  -> (artifact id: '1ee6d4d315cf87ad3d44bd92da3a3316') in 0.006233 seconds 
  Import took 0.008421 seconds .

========================================================================
Received Import Request.
  Time since last request: 12.064164 seconds.
  path: Assets/materials/prototyping
  artifactKey: Guid(5d78e1cc3b96e634da3c4a162be26234) Importer(815301076,1909f56bfc062723c751e8b465ee728b)
Start importing Assets/materials/prototyping using Guid(5d78e1cc3b96e634da3c4a162be26234) Importer(815301076,1909f56bfc062723c751e8b465ee728b)  -> (artifact id: 'dddb8cbfd0a570bb9e5db705611229c9') in 0.006487 seconds 
  Import took 0.008623 seconds .

========================================================================
Received Import Request.
  Time since last request: 0.006494 seconds.
  path: Assets/materials/prototyping
  artifactKey: Guid(5d78e1cc3b96e634da3c4a162be26234) Importer(815301076,1909f56bfc062723c751e8b465ee728b)
Start importing Assets/materials/prototyping using Guid(5d78e1cc3b96e634da3c4a162be26234) Importer(815301076,1909f56bfc062723c751e8b465ee728b)  -> (artifact id: 'dddb8cbfd0a570bb9e5db705611229c9') in 0.002324 seconds 
  Import took 0.004232 seconds .

========================================================================
Received Import Request.
  Time since last request: 6.769633 seconds.
  path: Assets/materials/prototyping/red.mat
  artifactKey: Guid(c2ea7cb997201834b85be4c9a99c5f23) Importer(815301076,1909f56bfc062723c751e8b465ee728b)
Start importing Assets/materials/prototyping/red.mat using Guid(c2ea7cb997201834b85be4c9a99c5f23) Importer(815301076,1909f56bfc062723c751e8b465ee728b)  -> (artifact id: '26a93b10daad5daa05db18d5cdc0697d') in 0.101164 seconds 
  Import took 0.103405 seconds .

========================================================================
Received Import Request.
  Time since last request: 2.951627 seconds.
  path: Assets/materials/prototyping/red 1.mat
  artifactKey: Guid(2e25257b165b2db49bea2959188102a7) Importer(815301076,1909f56bfc062723c751e8b465ee728b)
Start importing Assets/materials/prototyping/red 1.mat using Guid(2e25257b165b2db49bea2959188102a7) Importer(815301076,1909f56bfc062723c751e8b465ee728b)  -> (artifact id: 'd464c7ba40dd19a8c0ee4968ee47ab05') in 0.013367 seconds 
  Import took 0.015675 seconds .

========================================================================
Received Import Request.
  Time since last request: 0.268327 seconds.
  path: Assets/materials/prototyping/red 2.mat
  artifactKey: Guid(31dd7d17cd45c534ca65ce3fd42acb83) Importer(815301076,1909f56bfc062723c751e8b465ee728b)
Start importing Assets/materials/prototyping/red 2.mat using Guid(31dd7d17cd45c534ca65ce3fd42acb83) Importer(815301076,1909f56bfc062723c751e8b465ee728b)  -> (artifact id: '63643105de717c7648001265a796fbcb') in 0.013971 seconds 
  Import took 0.016225 seconds .

========================================================================
Received Import Request.
  Time since last request: 0.264965 seconds.
  path: Assets/materials/prototyping/red 3.mat
  artifactKey: Guid(fc92e00389279aa468c6aab34aa2ae41) Importer(815301076,1909f56bfc062723c751e8b465ee728b)
Start importing Assets/materials/prototyping/red 3.mat using Guid(fc92e00389279aa468c6aab34aa2ae41) Importer(815301076,1909f56bfc062723c751e8b465ee728b)  -> (artifact id: '5c2d3de775ac56e4f9c8355e501992a9') in 0.014275 seconds 
  Import took 0.016598 seconds .

========================================================================
Received Import Request.
  Time since last request: 0.282922 seconds.
  path: Assets/materials/prototyping/red 4.mat
  artifactKey: Guid(f4bc480ca3a7e174f87609b213cdd4d1) Importer(815301076,1909f56bfc062723c751e8b465ee728b)
Start importing Assets/materials/prototyping/red 4.mat using Guid(f4bc480ca3a7e174f87609b213cdd4d1) Importer(815301076,1909f56bfc062723c751e8b465ee728b)  -> (artifact id: 'ed573c6eb5502a4018e7753da6695f7c') in 0.013516 seconds 
  Import took 0.016207 seconds .

========================================================================
Received Import Request.
  Time since last request: 4.765378 seconds.
  path: Assets/materials/prototyping/blue.mat
  artifactKey: Guid(e36b64e1d3c1da2419fe27c8f864a145) Importer(815301076,1909f56bfc062723c751e8b465ee728b)
Start importing Assets/materials/prototyping/blue.mat using Guid(e36b64e1d3c1da2419fe27c8f864a145) Importer(815301076,1909f56bfc062723c751e8b465ee728b)  -> (artifact id: '98f264562d5a2048f9bbf877e6b50f2d') in 0.015400 seconds 
  Import took 0.017727 seconds .

========================================================================
Received Import Request.
  Time since last request: 4.836812 seconds.
  path: Assets/materials/prototyping/green.mat
  artifactKey: Guid(2e25257b165b2db49bea2959188102a7) Importer(815301076,1909f56bfc062723c751e8b465ee728b)
Start importing Assets/materials/prototyping/green.mat using Guid(2e25257b165b2db49bea2959188102a7) Importer(815301076,1909f56bfc062723c751e8b465ee728b)  -> (artifact id: 'dfd2e504bcf03fcf905ec31652facc16') in 0.014095 seconds 
  Import took 0.016935 seconds .

========================================================================
Received Import Request.
  Time since last request: 3.955908 seconds.
  path: Assets/materials/prototyping/orange.mat
  artifactKey: Guid(31dd7d17cd45c534ca65ce3fd42acb83) Importer(815301076,1909f56bfc062723c751e8b465ee728b)
Start importing Assets/materials/prototyping/orange.mat using Guid(31dd7d17cd45c534ca65ce3fd42acb83) Importer(815301076,1909f56bfc062723c751e8b465ee728b)  -> (artifact id: 'bf7018ce346432148cc7657e830254b7') in 0.014512 seconds 
  Import took 0.016842 seconds .

========================================================================
Received Import Request.
  Time since last request: 4.338512 seconds.
  path: Assets/materials/prototyping/purple.mat
  artifactKey: Guid(fc92e00389279aa468c6aab34aa2ae41) Importer(815301076,1909f56bfc062723c751e8b465ee728b)
Start importing Assets/materials/prototyping/purple.mat using Guid(fc92e00389279aa468c6aab34aa2ae41) Importer(815301076,1909f56bfc062723c751e8b465ee728b)  -> (artifact id: 'df20d2edac6d876f86d2aafcfacb199c') in 0.014266 seconds 
  Import took 0.016546 seconds .

========================================================================
Received Import Request.
  Time since last request: 4.217129 seconds.
  path: Assets/materials/prototyping/brown.mat
  artifactKey: Guid(f4bc480ca3a7e174f87609b213cdd4d1) Importer(815301076,1909f56bfc062723c751e8b465ee728b)
Start importing Assets/materials/prototyping/brown.mat using Guid(f4bc480ca3a7e174f87609b213cdd4d1) Importer(815301076,1909f56bfc062723c751e8b465ee728b)  -> (artifact id: '2106ead3ad7641f1ec1c12bcf2f233d5') in 0.014471 seconds 
  Import took 0.016698 seconds .

========================================================================
Received Import Request.
  Time since last request: 14.581471 seconds.
  path: Assets/materials/prototyping/white.mat
  artifactKey: Guid(6b14b6a6dfcb81c41b16545cbdb700b9) Importer(815301076,1909f56bfc062723c751e8b465ee728b)
Start importing Assets/materials/prototyping/white.mat using Guid(6b14b6a6dfcb81c41b16545cbdb700b9) Importer(815301076,1909f56bfc062723c751e8b465ee728b)  -> (artifact id: '6f0d96aa83f30446e51e7600285af350') in 0.014445 seconds 
  Import took 0.016680 seconds .

========================================================================
Received Import Request.
  Time since last request: 7.384648 seconds.
  path: Assets/materials/prototyping/black.mat
  artifactKey: Guid(edd7f1bb82b89404b9f1571e5b634dc8) Importer(815301076,1909f56bfc062723c751e8b465ee728b)
Start importing Assets/materials/prototyping/black.mat using Guid(edd7f1bb82b89404b9f1571e5b634dc8) Importer(815301076,1909f56bfc062723c751e8b465ee728b)  -> (artifact id: '8b2ddb60068070717e67ade7db58a182') in 0.014410 seconds 
  Import took 0.016639 seconds .

========================================================================
Received Import Request.
  Time since last request: 111.113045 seconds.
  path: Assets/materials/prototyping/grey.mat
  artifactKey: Guid(d7752a7f6a6ed82458fe32bb75bc74bd) Importer(815301076,1909f56bfc062723c751e8b465ee728b)
Start importing Assets/materials/prototyping/grey.mat using Guid(d7752a7f6a6ed82458fe32bb75bc74bd) Importer(815301076,1909f56bfc062723c751e8b465ee728b)  -> (artifact id: '7219243a7d17ab62f56bc8fdf3b0f080') in 0.014186 seconds 
  Import took 0.016417 seconds .

========================================================================
Received Import Request.
  Time since last request: 75.572252 seconds.
  path: Assets/materials/prototyping/black.mat
  artifactKey: Guid(edd7f1bb82b89404b9f1571e5b634dc8) Importer(815301076,1909f56bfc062723c751e8b465ee728b)
Start importing Assets/materials/prototyping/black.mat using Guid(edd7f1bb82b89404b9f1571e5b634dc8) Importer(815301076,1909f56bfc062723c751e8b465ee728b)  -> (artifact id: 'dae0a8e79687f7dd6a35147b2d1cfc9d') in 0.011773 seconds 
  Import took 0.014424 seconds .

========================================================================
Received Import Request.
  Time since last request: 0.000216 seconds.
  path: Assets/materials/prototyping/blue.mat
  artifactKey: Guid(e36b64e1d3c1da2419fe27c8f864a145) Importer(815301076,1909f56bfc062723c751e8b465ee728b)
Start importing Assets/materials/prototyping/blue.mat using Guid(e36b64e1d3c1da2419fe27c8f864a145) Importer(815301076,1909f56bfc062723c751e8b465ee728b)  -> (artifact id: '2b12522b350a7942c27cc76f1e8d0f55') in 0.011275 seconds 
  Import took 0.013424 seconds .

========================================================================
Received Import Request.
  Time since last request: 0.000175 seconds.
  path: Assets/materials/prototyping/grey.mat
  artifactKey: Guid(d7752a7f6a6ed82458fe32bb75bc74bd) Importer(815301076,1909f56bfc062723c751e8b465ee728b)
Start importing Assets/materials/prototyping/grey.mat using Guid(d7752a7f6a6ed82458fe32bb75bc74bd) Importer(815301076,1909f56bfc062723c751e8b465ee728b)  -> (artifact id: 'defe522064b0d68547e69f9c8198b59c') in 0.011776 seconds 
  Import took 0.013870 seconds .

========================================================================
Received Import Request.
  Time since last request: 0.000202 seconds.
  path: Assets/materials/prototyping/brown.mat
  artifactKey: Guid(f4bc480ca3a7e174f87609b213cdd4d1) Importer(815301076,1909f56bfc062723c751e8b465ee728b)
Start importing Assets/materials/prototyping/brown.mat using Guid(f4bc480ca3a7e174f87609b213cdd4d1) Importer(815301076,1909f56bfc062723c751e8b465ee728b)  -> (artifact id: 'ac149cbff8c5735de300dee75d98635b') in 0.012814 seconds 
  Import took 0.014867 seconds .

========================================================================
Received Import Request.
  Time since last request: 0.000276 seconds.
  path: Assets/materials/prototyping/purple.mat
  artifactKey: Guid(fc92e00389279aa468c6aab34aa2ae41) Importer(815301076,1909f56bfc062723c751e8b465ee728b)
Start importing Assets/materials/prototyping/purple.mat using Guid(fc92e00389279aa468c6aab34aa2ae41) Importer(815301076,1909f56bfc062723c751e8b465ee728b)  -> (artifact id: 'ea3bfee3a403e2f6b119a482ef1efdb7') in 0.010977 seconds 
  Import took 0.013371 seconds .

========================================================================
Received Import Request.
  Time since last request: 0.000166 seconds.
  path: Assets/materials/prototyping/red.mat
  artifactKey: Guid(c2ea7cb997201834b85be4c9a99c5f23) Importer(815301076,1909f56bfc062723c751e8b465ee728b)
Start importing Assets/materials/prototyping/red.mat using Guid(c2ea7cb997201834b85be4c9a99c5f23) Importer(815301076,1909f56bfc062723c751e8b465ee728b)  -> (artifact id: 'aad053ce73f451eb3711c05b9869223b') in 0.010905 seconds 
  Import took 0.013075 seconds .

========================================================================
Received Import Request.
  Time since last request: 0.000171 seconds.
  path: Assets/materials/prototyping/green.mat
  artifactKey: Guid(2e25257b165b2db49bea2959188102a7) Importer(815301076,1909f56bfc062723c751e8b465ee728b)
Start importing Assets/materials/prototyping/green.mat using Guid(2e25257b165b2db49bea2959188102a7) Importer(815301076,1909f56bfc062723c751e8b465ee728b)  -> (artifact id: '782fe0cfe3788bc259a9e6e3405835ef') in 0.010413 seconds 
  Import took 0.012677 seconds .

========================================================================
Received Import Request.
  Time since last request: 0.000234 seconds.
  path: Assets/materials/prototyping/orange.mat
  artifactKey: Guid(31dd7d17cd45c534ca65ce3fd42acb83) Importer(815301076,1909f56bfc062723c751e8b465ee728b)
Start importing Assets/materials/prototyping/orange.mat using Guid(31dd7d17cd45c534ca65ce3fd42acb83) Importer(815301076,1909f56bfc062723c751e8b465ee728b)  -> (artifact id: 'c16e1306d2d0f0aec69b23c44414593e') in 0.010911 seconds 
  Import took 0.013129 seconds .

========================================================================
Received Import Request.
  Time since last request: 0.000180 seconds.
  path: Assets/materials/prototyping/white.mat
  artifactKey: Guid(6b14b6a6dfcb81c41b16545cbdb700b9) Importer(815301076,1909f56bfc062723c751e8b465ee728b)
Start importing Assets/materials/prototyping/white.mat using Guid(6b14b6a6dfcb81c41b16545cbdb700b9) Importer(815301076,1909f56bfc062723c751e8b465ee728b)  -> (artifact id: '4ad408757b7763b9d78f72e444b89f61') in 0.010764 seconds 
  Import took 0.012976 seconds .

========================================================================
Received Import Request.
  Time since last request: 501.145572 seconds.
  path: Assets/SimpleDialogues/Scripts
  artifactKey: Guid(cd00f230369c47c48aeca6c9d6ab6424) Importer(815301076,1909f56bfc062723c751e8b465ee728b)
Start importing Assets/SimpleDialogues/Scripts using Guid(cd00f230369c47c48aeca6c9d6ab6424) Importer(815301076,1909f56bfc062723c751e8b465ee728b)  -> (artifact id: '4ce99702a1eecdb98512be053297d320') in 0.006486 seconds 
  Import took 0.008859 seconds .

========================================================================
Received Import Request.
  Time since last request: 1.013726 seconds.
  path: Assets/SimpleDialogues/Scripts/Editor
  artifactKey: Guid(468270ae892b1984db3ab7091c2ea3d0) Importer(815301076,1909f56bfc062723c751e8b465ee728b)
Start importing Assets/SimpleDialogues/Scripts/Editor using Guid(468270ae892b1984db3ab7091c2ea3d0) Importer(815301076,1909f56bfc062723c751e8b465ee728b)  -> (artifact id: '78e5c0fe50a88edac9afe7cae2030898') in 0.006389 seconds 
  Import took 0.008529 seconds .

========================================================================
Received Prepare
Registering precompiled user dll's ...
Registered in 0.004109 seconds.
Begin MonoManager ReloadAssembly
Native extension for WindowsStandalone target not found
Refreshing native plugins compatible for Editor in 0.32 ms, found 2 plugins.
Preloading 0 native plugins for Editor in 0.00 ms.
Mono: successfully reloaded assembly
- Completed reload, in  1.082 seconds
Domain Reload Profiling:
	ReloadAssembly (1082ms)
		BeginReloadAssembly (117ms)
			ExecutionOrderSort (0ms)
			DisableScriptedObjects (6ms)
			BackupInstance (0ms)
			ReleaseScriptingObjects (0ms)
			CreateAndSetChildDomain (30ms)
		EndReloadAssembly (889ms)
			LoadAssemblies (88ms)
			RebuildTransferFunctionScriptingTraits (0ms)
			SetupTypeCache (276ms)
			ReleaseScriptCaches (1ms)
			RebuildScriptCaches (37ms)
			SetupLoadedEditorAssemblies (385ms)
				LogAssemblyErrors (0ms)
				InitializePlatformSupportModulesInManaged (5ms)
				SetLoadedEditorAssemblies (0ms)
				RefreshPlugins (0ms)
				BeforeProcessingInitializeOnLoad (85ms)
				ProcessInitializeOnLoadAttributes (282ms)
				ProcessInitializeOnLoadMethodAttributes (4ms)
				AfterProcessingInitializeOnLoad (8ms)
				EditorAssembliesLoaded (0ms)
			ExecutionOrderSort2 (0ms)
			AwakeInstancesAfterBackupRestoration (7ms)
Platform modules already initialized, skipping
Refreshing native plugins compatible for Editor in 0.33 ms, found 2 plugins.
Preloading 0 native plugins for Editor in 0.00 ms.
Unloading 1394 Unused Serialized files (Serialized files now loaded: 0)
System memory in use before: 68.2 MB.
System memory in use after: 68.3 MB.

Unloading 13 unused Assets to reduce memory usage. Loaded Objects now: 1875.
Total: 2.738700 ms (FindLiveObjects: 0.133700 ms CreateObjectMapping: 0.031900 ms MarkObjects: 2.558200 ms  DeleteObjects: 0.014000 ms)

AssetImportParameters requested are different than current active one (requested -> active):
  custom:framework-win-MediaFoundation: 216162199b28c13a410421893ffa2e32 -> 
  custom:video-decoder-ogg-theora: a1e56fd34408186e4bbccfd4996cb3dc -> 
  custom:container-muxer-webm: aa71ff27fc2769a1b78a27578f13a17b -> 
  custom:container-demuxer-webm: 4f35f7cbe854078d1ac9338744f61a02 -> 
  custom:container-demuxer-ogg: 62fdf1f143b41e24485cea50d1cbac27 -> 
  custom:video-encoder-webm-vp8: eb34c28f22e8b96e1ab97ce403110664 -> 
  custom:video-decoder-webm-vp8: 9c59270c3fd7afecdb556c50c9e8de78 -> 
  custom:audio-decoder-ogg-vorbis: bf7c407c2cedff20999df2af8eb42d56 -> 
  custom:audio-encoder-webm-vorbis: bf7c407c2cedff20999df2af8eb42d56 -> 
========================================================================
Received Prepare
Registering precompiled user dll's ...
Registered in 0.004096 seconds.
Begin MonoManager ReloadAssembly
Native extension for WindowsStandalone target not found
Refreshing native plugins compatible for Editor in 0.32 ms, found 2 plugins.
Preloading 0 native plugins for Editor in 0.00 ms.
Mono: successfully reloaded assembly
- Completed reload, in  1.060 seconds
Domain Reload Profiling:
	ReloadAssembly (1060ms)
		BeginReloadAssembly (102ms)
			ExecutionOrderSort (0ms)
			DisableScriptedObjects (5ms)
			BackupInstance (0ms)
			ReleaseScriptingObjects (0ms)
			CreateAndSetChildDomain (28ms)
		EndReloadAssembly (887ms)
			LoadAssemblies (88ms)
			RebuildTransferFunctionScriptingTraits (0ms)
			SetupTypeCache (277ms)
			ReleaseScriptCaches (1ms)
			RebuildScriptCaches (37ms)
			SetupLoadedEditorAssemblies (384ms)
				LogAssemblyErrors (0ms)
				InitializePlatformSupportModulesInManaged (5ms)
				SetLoadedEditorAssemblies (0ms)
				RefreshPlugins (0ms)
				BeforeProcessingInitializeOnLoad (75ms)
				ProcessInitializeOnLoadAttributes (290ms)
				ProcessInitializeOnLoadMethodAttributes (4ms)
				AfterProcessingInitializeOnLoad (8ms)
				EditorAssembliesLoaded (0ms)
			ExecutionOrderSort2 (0ms)
			AwakeInstancesAfterBackupRestoration (7ms)
Platform modules already initialized, skipping
Refreshing native plugins compatible for Editor in 0.32 ms, found 2 plugins.
Preloading 0 native plugins for Editor in 0.00 ms.
Unloading 1394 Unused Serialized files (Serialized files now loaded: 0)
System memory in use before: 68.2 MB.
System memory in use after: 68.3 MB.

Unloading 13 unused Assets to reduce memory usage. Loaded Objects now: 1877.
Total: 2.757000 ms (FindLiveObjects: 0.143900 ms CreateObjectMapping: 0.031300 ms MarkObjects: 2.566600 ms  DeleteObjects: 0.014100 ms)

AssetImportParameters requested are different than current active one (requested -> active):
  custom:framework-win-MediaFoundation: 216162199b28c13a410421893ffa2e32 -> 
  custom:video-decoder-ogg-theora: a1e56fd34408186e4bbccfd4996cb3dc -> 
  custom:container-muxer-webm: aa71ff27fc2769a1b78a27578f13a17b -> 
  custom:container-demuxer-webm: 4f35f7cbe854078d1ac9338744f61a02 -> 
  custom:container-demuxer-ogg: 62fdf1f143b41e24485cea50d1cbac27 -> 
  custom:video-encoder-webm-vp8: eb34c28f22e8b96e1ab97ce403110664 -> 
  custom:video-decoder-webm-vp8: 9c59270c3fd7afecdb556c50c9e8de78 -> 
  custom:audio-decoder-ogg-vorbis: bf7c407c2cedff20999df2af8eb42d56 -> 
  custom:audio-encoder-webm-vorbis: bf7c407c2cedff20999df2af8eb42d56 -> 
========================================================================
Received Import Request.
  Time since last request: 643.100691 seconds.
  path: Assets/materials/prototyping/skin_light.mat
  artifactKey: Guid(928e95bd77270984abcefef3bef6eb3b) Importer(815301076,1909f56bfc062723c751e8b465ee728b)
Start importing Assets/materials/prototyping/skin_light.mat using Guid(928e95bd77270984abcefef3bef6eb3b) Importer(815301076,1909f56bfc062723c751e8b465ee728b)  -> (artifact id: '9f2a1d3b2ff3fc6662d54f2447e24060') in 0.059953 seconds 
  Import took 0.062437 seconds .

========================================================================
Received Import Request.
  Time since last request: 25.822438 seconds.
  path: Assets/materials/prototyping/skin_light.mat
  artifactKey: Guid(928e95bd77270984abcefef3bef6eb3b) Importer(815301076,1909f56bfc062723c751e8b465ee728b)
Start importing Assets/materials/prototyping/skin_light.mat using Guid(928e95bd77270984abcefef3bef6eb3b) Importer(815301076,1909f56bfc062723c751e8b465ee728b)  -> (artifact id: '80a7d90cc909866b43b206bd8e107e25') in 0.012083 seconds 
  Import took 0.014382 seconds .

========================================================================
Received Prepare
Registering precompiled user dll's ...
Registered in 0.004388 seconds.
Begin MonoManager ReloadAssembly
Native extension for WindowsStandalone target not found
Refreshing native plugins compatible for Editor in 0.33 ms, found 2 plugins.
Preloading 0 native plugins for Editor in 0.00 ms.
Mono: successfully reloaded assembly
- Completed reload, in  1.049 seconds
Domain Reload Profiling:
	ReloadAssembly (1049ms)
		BeginReloadAssembly (108ms)
			ExecutionOrderSort (0ms)
			DisableScriptedObjects (5ms)
			BackupInstance (0ms)
			ReleaseScriptingObjects (0ms)
			CreateAndSetChildDomain (29ms)
		EndReloadAssembly (870ms)
			LoadAssemblies (90ms)
			RebuildTransferFunctionScriptingTraits (0ms)
			SetupTypeCache (264ms)
			ReleaseScriptCaches (1ms)
			RebuildScriptCaches (37ms)
			SetupLoadedEditorAssemblies (378ms)
				LogAssemblyErrors (0ms)
				InitializePlatformSupportModulesInManaged (5ms)
				SetLoadedEditorAssemblies (0ms)
				RefreshPlugins (0ms)
				BeforeProcessingInitializeOnLoad (75ms)
				ProcessInitializeOnLoadAttributes (285ms)
				ProcessInitializeOnLoadMethodAttributes (4ms)
				AfterProcessingInitializeOnLoad (8ms)
				EditorAssembliesLoaded (0ms)
			ExecutionOrderSort2 (0ms)
			AwakeInstancesAfterBackupRestoration (7ms)
Platform modules already initialized, skipping
Refreshing native plugins compatible for Editor in 0.32 ms, found 2 plugins.
Preloading 0 native plugins for Editor in 0.00 ms.
Unloading 1394 Unused Serialized files (Serialized files now loaded: 0)
System memory in use before: 68.2 MB.
System memory in use after: 68.3 MB.

Unloading 13 unused Assets to reduce memory usage. Loaded Objects now: 1880.
Total: 2.816700 ms (FindLiveObjects: 0.135200 ms CreateObjectMapping: 0.033200 ms MarkObjects: 2.632000 ms  DeleteObjects: 0.014800 ms)

AssetImportParameters requested are different than current active one (requested -> active):
  custom:framework-win-MediaFoundation: 216162199b28c13a410421893ffa2e32 -> 
  custom:video-decoder-ogg-theora: a1e56fd34408186e4bbccfd4996cb3dc -> 
  custom:container-muxer-webm: aa71ff27fc2769a1b78a27578f13a17b -> 
  custom:container-demuxer-webm: 4f35f7cbe854078d1ac9338744f61a02 -> 
  custom:container-demuxer-ogg: 62fdf1f143b41e24485cea50d1cbac27 -> 
  custom:video-encoder-webm-vp8: eb34c28f22e8b96e1ab97ce403110664 -> 
  custom:video-decoder-webm-vp8: 9c59270c3fd7afecdb556c50c9e8de78 -> 
  custom:audio-decoder-ogg-vorbis: bf7c407c2cedff20999df2af8eb42d56 -> 
  custom:audio-encoder-webm-vorbis: bf7c407c2cedff20999df2af8eb42d56 -> 
========================================================================
Received Prepare
Registering precompiled user dll's ...
Registered in 0.004103 seconds.
Begin MonoManager ReloadAssembly
Native extension for WindowsStandalone target not found
Refreshing native plugins compatible for Editor in 0.34 ms, found 2 plugins.
Preloading 0 native plugins for Editor in 0.00 ms.
Invalid AssetDatabase path: /Editor/EditorResources/cm_logo_sm.png. Use path relative to the project folder.
UnityEngine.StackTraceUtility:ExtractStackTrace ()
UnityEditor.AssetDatabase:LoadAssetAtPath<UnityEngine.Texture2D> (string)
Cinemachine.Editor.CinemachineSettings:get_CinemachineLogoTexture () (at Library/PackageCache/com.unity.cinemachine@2.6.10/Editor/Windows/CinemachineSettings.cs:205)
Cinemachine.Editor.CinemachineSettings:.cctor () (at Library/PackageCache/com.unity.cinemachine@2.6.10/Editor/Windows/CinemachineSettings.cs:237)
Cinemachine.CinemachineColliderPrefs:.cctor () (at Library/PackageCache/com.unity.cinemachine@2.6.10/Editor/Windows/CinemachineColliderPrefs.cs:61)
System.Runtime.CompilerServices.RuntimeHelpers:RunClassConstructor (System.RuntimeTypeHandle)
UnityEditor.EditorAssemblies:ProcessInitializeOnLoadAttributes (System.Type[])

[Library/PackageCache/com.unity.cinemachine@2.6.10/Editor/Windows/CinemachineSettings.cs line 205]

Mono: successfully reloaded assembly
- Completed reload, in  1.077 seconds
Domain Reload Profiling:
	ReloadAssembly (1077ms)
		BeginReloadAssembly (116ms)
			ExecutionOrderSort (0ms)
			DisableScriptedObjects (5ms)
			BackupInstance (0ms)
			ReleaseScriptingObjects (0ms)
			CreateAndSetChildDomain (28ms)
		EndReloadAssembly (886ms)
			LoadAssemblies (91ms)
			RebuildTransferFunctionScriptingTraits (0ms)
			SetupTypeCache (270ms)
			ReleaseScriptCaches (1ms)
			RebuildScriptCaches (37ms)
			SetupLoadedEditorAssemblies (385ms)
				LogAssemblyErrors (0ms)
				InitializePlatformSupportModulesInManaged (5ms)
				SetLoadedEditorAssemblies (0ms)
				RefreshPlugins (0ms)
				BeforeProcessingInitializeOnLoad (77ms)
				ProcessInitializeOnLoadAttributes (290ms)
				ProcessInitializeOnLoadMethodAttributes (4ms)
				AfterProcessingInitializeOnLoad (8ms)
				EditorAssembliesLoaded (0ms)
			ExecutionOrderSort2 (0ms)
			AwakeInstancesAfterBackupRestoration (7ms)
Platform modules already initialized, skipping
Refreshing native plugins compatible for Editor in 0.34 ms, found 2 plugins.
Preloading 0 native plugins for Editor in 0.00 ms.
Unloading 1541 Unused Serialized files (Serialized files now loaded: 0)
System memory in use before: 73.3 MB.
System memory in use after: 73.4 MB.

Unloading 14 unused Assets to reduce memory usage. Loaded Objects now: 2028.
Total: 2.837700 ms (FindLiveObjects: 0.142800 ms CreateObjectMapping: 0.035500 ms MarkObjects: 2.616800 ms  DeleteObjects: 0.041500 ms)

AssetImportParameters requested are different than current active one (requested -> active):
  custom:framework-win-MediaFoundation: 216162199b28c13a410421893ffa2e32 -> 
  custom:video-decoder-ogg-theora: a1e56fd34408186e4bbccfd4996cb3dc -> 
  custom:container-muxer-webm: aa71ff27fc2769a1b78a27578f13a17b -> 
  custom:container-demuxer-webm: 4f35f7cbe854078d1ac9338744f61a02 -> 
  custom:container-demuxer-ogg: 62fdf1f143b41e24485cea50d1cbac27 -> 
  custom:video-encoder-webm-vp8: eb34c28f22e8b96e1ab97ce403110664 -> 
  custom:video-decoder-webm-vp8: 9c59270c3fd7afecdb556c50c9e8de78 -> 
  custom:audio-decoder-ogg-vorbis: bf7c407c2cedff20999df2af8eb42d56 -> 
  custom:audio-encoder-webm-vorbis: bf7c407c2cedff20999df2af8eb42d56 -> 
========================================================================
Received Prepare
Registering precompiled user dll's ...
Registered in 0.010749 seconds.
Begin MonoManager ReloadAssembly
Native extension for WindowsStandalone target not found
Refreshing native plugins compatible for Editor in 0.40 ms, found 2 plugins.
Preloading 0 native plugins for Editor in 0.00 ms.
Mono: successfully reloaded assembly
- Completed reload, in  1.156 seconds
Domain Reload Profiling:
	ReloadAssembly (1156ms)
		BeginReloadAssembly (118ms)
			ExecutionOrderSort (0ms)
			DisableScriptedObjects (5ms)
			BackupInstance (0ms)
			ReleaseScriptingObjects (0ms)
			CreateAndSetChildDomain (29ms)
		EndReloadAssembly (962ms)
			LoadAssemblies (96ms)
			RebuildTransferFunctionScriptingTraits (0ms)
			SetupTypeCache (290ms)
			ReleaseScriptCaches (1ms)
			RebuildScriptCaches (46ms)
			SetupLoadedEditorAssemblies (423ms)
				LogAssemblyErrors (0ms)
				InitializePlatformSupportModulesInManaged (5ms)
				SetLoadedEditorAssemblies (0ms)
				RefreshPlugins (0ms)
				BeforeProcessingInitializeOnLoad (84ms)
				ProcessInitializeOnLoadAttributes (321ms)
				ProcessInitializeOnLoadMethodAttributes (4ms)
				AfterProcessingInitializeOnLoad (8ms)
				EditorAssembliesLoaded (0ms)
			ExecutionOrderSort2 (0ms)
			AwakeInstancesAfterBackupRestoration (8ms)
Platform modules already initialized, skipping
Refreshing native plugins compatible for Editor in 0.40 ms, found 2 plugins.
Preloading 0 native plugins for Editor in 0.00 ms.
Unloading 1903 Unused Serialized files (Serialized files now loaded: 0)
System memory in use before: 89.3 MB.
System memory in use after: 87.2 MB.

Unloading 38 unused Assets to reduce memory usage. Loaded Objects now: 2370.
Total: 4.224800 ms (FindLiveObjects: 0.176100 ms CreateObjectMapping: 0.044900 ms MarkObjects: 2.726100 ms  DeleteObjects: 1.276500 ms)

AssetImportParameters requested are different than current active one (requested -> active):
  custom:framework-win-MediaFoundation: 216162199b28c13a410421893ffa2e32 -> 
  custom:video-decoder-ogg-theora: a1e56fd34408186e4bbccfd4996cb3dc -> 
  custom:container-muxer-webm: aa71ff27fc2769a1b78a27578f13a17b -> 
  custom:container-demuxer-webm: 4f35f7cbe854078d1ac9338744f61a02 -> 
  custom:container-demuxer-ogg: 62fdf1f143b41e24485cea50d1cbac27 -> 
  custom:video-encoder-webm-vp8: eb34c28f22e8b96e1ab97ce403110664 -> 
  custom:video-decoder-webm-vp8: 9c59270c3fd7afecdb556c50c9e8de78 -> 
  custom:audio-decoder-ogg-vorbis: bf7c407c2cedff20999df2af8eb42d56 -> 
  custom:audio-encoder-webm-vorbis: bf7c407c2cedff20999df2af8eb42d56 -> 
========================================================================
Received Prepare
Registering precompiled user dll's ...
Registered in 0.005874 seconds.
Begin MonoManager ReloadAssembly
Native extension for WindowsStandalone target not found
Refreshing native plugins compatible for Editor in 0.42 ms, found 2 plugins.
Preloading 0 native plugins for Editor in 0.00 ms.
[ScriptCompilation] NOT recompiling all scripts because this is an import worker process. Reason to compile was: Define symbols changed
System.Reflection.TargetInvocationException: Exception has been thrown by the target of an invocation. ---> System.NullReferenceException: Object reference not set to an instance of an object
  at StarterAssets.PackageChecker.CheckPackage () [0x001c2] in C:\Users\mrwar\Game Dev\games\puzzle-game\Assets\StarterAssets\Editor\PackageChecker\PackageChecker.cs:105 
  at (wrapper managed-to-native) System.Reflection.MonoMethod.InternalInvoke(System.Reflection.MonoMethod,object,object[],System.Exception&)
  at System.Reflection.MonoMethod.Invoke (System.Object obj, System.Reflection.BindingFlags invokeAttr, System.Reflection.Binder binder, System.Object[] parameters, System.Globalization.CultureInfo culture) [0x00032] in <695d1cc93cca45069c528c15c9fdd749>:0 
   --- End of inner exception stack trace ---
  at System.Reflection.MonoMethod.Invoke (System.Object obj, System.Reflection.BindingFlags invokeAttr, System.Reflection.Binder binder, System.Object[] parameters, System.Globalization.CultureInfo culture) [0x00048] in <695d1cc93cca45069c528c15c9fdd749>:0 
  at System.Reflection.MethodBase.Invoke (System.Object obj, System.Object[] parameters) [0x00000] in <695d1cc93cca45069c528c15c9fdd749>:0 
  at UnityEditor.EditorAssemblies.ProcessInitializeOnLoadMethodAttributes () [0x00047] in <d0e4b8c1204147f3935b6e9c8b8565ad>:0 
UnityEngine.StackTraceUtility:ExtractStackTrace ()
UnityEngine.DebugLogHandler:LogFormat (UnityEngine.LogType,UnityEngine.Object,string,object[])
UnityEngine.Logger:Log (UnityEngine.LogType,object)
UnityEngine.Debug:LogError (object)
UnityEditor.EditorAssemblies:ProcessInitializeOnLoadMethodAttributes ()

Mono: successfully reloaded assembly
- Completed reload, in  1.185 seconds
Domain Reload Profiling:
	ReloadAssembly (1185ms)
		BeginReloadAssembly (124ms)
			ExecutionOrderSort (0ms)
			DisableScriptedObjects (5ms)
			BackupInstance (0ms)
			ReleaseScriptingObjects (0ms)
			CreateAndSetChildDomain (29ms)
		EndReloadAssembly (990ms)
			LoadAssemblies (96ms)
			RebuildTransferFunctionScriptingTraits (0ms)
			SetupTypeCache (285ms)
			ReleaseScriptCaches (1ms)
			RebuildScriptCaches (42ms)
			SetupLoadedEditorAssemblies (462ms)
				LogAssemblyErrors (0ms)
				InitializePlatformSupportModulesInManaged (5ms)
				SetLoadedEditorAssemblies (0ms)
				RefreshPlugins (0ms)
				BeforeProcessingInitializeOnLoad (93ms)
				ProcessInitializeOnLoadAttributes (327ms)
				ProcessInitializeOnLoadMethodAttributes (26ms)
				AfterProcessingInitializeOnLoad (9ms)
				EditorAssembliesLoaded (0ms)
			ExecutionOrderSort2 (0ms)
			AwakeInstancesAfterBackupRestoration (7ms)
Platform modules already initialized, skipping
Refreshing native plugins compatible for Editor in 0.58 ms, found 2 plugins.
Preloading 0 native plugins for Editor in 0.00 ms.
Unloading 1917 Unused Serialized files (Serialized files now loaded: 0)
System memory in use before: 90.6 MB.
System memory in use after: 87.7 MB.

Unloading 40 unused Assets to reduce memory usage. Loaded Objects now: 2386.
Total: 6.101800 ms (FindLiveObjects: 0.256300 ms CreateObjectMapping: 0.058400 ms MarkObjects: 3.365900 ms  DeleteObjects: 2.419800 ms)

AssetImportParameters requested are different than current active one (requested -> active):
  custom:framework-win-MediaFoundation: 216162199b28c13a410421893ffa2e32 -> 
  custom:video-decoder-ogg-theora: a1e56fd34408186e4bbccfd4996cb3dc -> 
  custom:container-muxer-webm: aa71ff27fc2769a1b78a27578f13a17b -> 
  custom:container-demuxer-webm: 4f35f7cbe854078d1ac9338744f61a02 -> 
  custom:container-demuxer-ogg: 62fdf1f143b41e24485cea50d1cbac27 -> 
  custom:video-encoder-webm-vp8: eb34c28f22e8b96e1ab97ce403110664 -> 
  custom:video-decoder-webm-vp8: 9c59270c3fd7afecdb556c50c9e8de78 -> 
  custom:audio-decoder-ogg-vorbis: bf7c407c2cedff20999df2af8eb42d56 -> 
  custom:audio-encoder-webm-vorbis: bf7c407c2cedff20999df2af8eb42d56 -> 
========================================================================
Received Prepare
Registering precompiled user dll's ...
Registered in 0.004528 seconds.
Begin MonoManager ReloadAssembly
Native extension for WindowsStandalone target not found
Refreshing native plugins compatible for Editor in 0.65 ms, found 2 plugins.
Preloading 0 native plugins for Editor in 0.00 ms.
Mono: successfully reloaded assembly
- Completed reload, in  0.847 seconds
Domain Reload Profiling:
	ReloadAssembly (847ms)
		BeginReloadAssembly (117ms)
			ExecutionOrderSort (0ms)
			DisableScriptedObjects (5ms)
			BackupInstance (0ms)
			ReleaseScriptingObjects (0ms)
			CreateAndSetChildDomain (29ms)
		EndReloadAssembly (662ms)
			LoadAssemblies (81ms)
			RebuildTransferFunctionScriptingTraits (0ms)
			SetupTypeCache (234ms)
			ReleaseScriptCaches (1ms)
			RebuildScriptCaches (30ms)
			SetupLoadedEditorAssemblies (211ms)
				LogAssemblyErrors (0ms)
				InitializePlatformSupportModulesInManaged (6ms)
				SetLoadedEditorAssemblies (1ms)
				RefreshPlugins (1ms)
				BeforeProcessingInitializeOnLoad (95ms)
				ProcessInitializeOnLoadAttributes (96ms)
				ProcessInitializeOnLoadMethodAttributes (4ms)
				AfterProcessingInitializeOnLoad (8ms)
				EditorAssembliesLoaded (0ms)
			ExecutionOrderSort2 (0ms)
			AwakeInstancesAfterBackupRestoration (7ms)
Platform modules already initialized, skipping
Refreshing native plugins compatible for Editor in 0.45 ms, found 2 plugins.
Preloading 0 native plugins for Editor in 0.00 ms.
Unloading 2213 Unused Serialized files (Serialized files now loaded: 0)
System memory in use before: 99.5 MB.
System memory in use after: 96.7 MB.

Unloading 38 unused Assets to reduce memory usage. Loaded Objects now: 2680.
Total: 4.449900 ms (FindLiveObjects: 0.199900 ms CreateObjectMapping: 0.053100 ms MarkObjects: 2.148900 ms  DeleteObjects: 2.046900 ms)

AssetImportParameters requested are different than current active one (requested -> active):
  custom:framework-win-MediaFoundation: 216162199b28c13a410421893ffa2e32 -> 
  custom:video-decoder-ogg-theora: a1e56fd34408186e4bbccfd4996cb3dc -> 
  custom:container-muxer-webm: aa71ff27fc2769a1b78a27578f13a17b -> 
  custom:container-demuxer-webm: 4f35f7cbe854078d1ac9338744f61a02 -> 
  custom:container-demuxer-ogg: 62fdf1f143b41e24485cea50d1cbac27 -> 
  custom:video-encoder-webm-vp8: eb34c28f22e8b96e1ab97ce403110664 -> 
  custom:video-decoder-webm-vp8: 9c59270c3fd7afecdb556c50c9e8de78 -> 
  custom:audio-decoder-ogg-vorbis: bf7c407c2cedff20999df2af8eb42d56 -> 
  custom:audio-encoder-webm-vorbis: bf7c407c2cedff20999df2af8eb42d56 -> 
AssetImportWorkerClient::OnTransportError - code=2 error=End of file
